Determining if the function log exists failed with the following output:
Change Dir: /home/ubuntu/Documents/OpenSourceBlog/lab5/step5/build/CMakeFiles/CMakeTmp

Run Build Command:/usr/bin/make "cmTryCompileExec1824396782/fast"
/usr/bin/make -f CMakeFiles/cmTryCompileExec1824396782.dir/build.make CMakeFiles/cmTryCompileExec1824396782.dir/build
make[1]: Entering directory `/home/ubuntu/Documents/OpenSourceBlog/lab5/step5/build/CMakeFiles/CMakeTmp'
/usr/bin/cmake -E cmake_progress_report /home/ubuntu/Documents/OpenSourceBlog/lab5/step5/build/CMakeFiles/CMakeTmp/CMakeFiles 1
Building C object CMakeFiles/cmTryCompileExec1824396782.dir/CheckFunctionExists.c.o
/usr/bin/cc   -DCHECK_FUNCTION_EXISTS=log   -o CMakeFiles/cmTryCompileExec1824396782.dir/CheckFunctionExists.c.o   -c /usr/share/cmake-2.8/Modules/CheckFunctionExists.c
<command-line>:0:23: warning: conflicting types for built-in function ‘log’ [enabled by default]
/usr/share/cmake-2.8/Modules/CheckFunctionExists.c:3:6: note: in expansion of macro ‘CHECK_FUNCTION_EXISTS’
 char CHECK_FUNCTION_EXISTS();
      ^
Linking C executable cmTryCompileExec1824396782
/usr/bin/cmake -E cmake_link_script CMakeFiles/cmTryCompileExec1824396782.dir/link.txt --verbose=1
/usr/bin/cc   -DCHECK_FUNCTION_EXISTS=log    CMakeFiles/cmTryCompileExec1824396782.dir/CheckFunctionExists.c.o  -o cmTryCompileExec1824396782 -rdynamic 
CMakeFiles/cmTryCompileExec1824396782.dir/CheckFunctionExists.c.o: In function `main':
CheckFunctionExists.c:(.text+0x15): undefined reference to `log'
collect2: error: ld returned 1 exit status
make[1]: Leaving directory `/home/ubuntu/Documents/OpenSourceBlog/lab5/step5/build/CMakeFiles/CMakeTmp'
make[1]: *** [cmTryCompileExec1824396782] Error 1
make: *** [cmTryCompileExec1824396782/fast] Error 2


Determining if the function exp exists failed with the following output:
Change Dir: /home/ubuntu/Documents/OpenSourceBlog/lab5/step5/build/CMakeFiles/CMakeTmp

Run Build Command:/usr/bin/make "cmTryCompileExec63757308/fast"
/usr/bin/make -f CMakeFiles/cmTryCompileExec63757308.dir/build.make CMakeFiles/cmTryCompileExec63757308.dir/build
make[1]: Entering directory `/home/ubuntu/Documents/OpenSourceBlog/lab5/step5/build/CMakeFiles/CMakeTmp'
/usr/bin/cmake -E cmake_progress_report /home/ubuntu/Documents/OpenSourceBlog/lab5/step5/build/CMakeFiles/CMakeTmp/CMakeFiles 1
Building C object CMakeFiles/cmTryCompileExec63757308.dir/CheckFunctionExists.c.o
/usr/bin/cc   -DCHECK_FUNCTION_EXISTS=exp   -o CMakeFiles/cmTryCompileExec63757308.dir/CheckFunctionExists.c.o   -c /usr/share/cmake-2.8/Modules/CheckFunctionExists.c
<command-line>:0:23: warning: conflicting types for built-in function ‘exp’ [enabled by default]
/usr/share/cmake-2.8/Modules/CheckFunctionExists.c:3:6: note: in expansion of macro ‘CHECK_FUNCTION_EXISTS’
 char CHECK_FUNCTION_EXISTS();
      ^
Linking C executable cmTryCompileExec63757308
/usr/bin/cmake -E cmake_link_script CMakeFiles/cmTryCompileExec63757308.dir/link.txt --verbose=1
/usr/bin/cc   -DCHECK_FUNCTION_EXISTS=exp    CMakeFiles/cmTryCompileExec63757308.dir/CheckFunctionExists.c.o  -o cmTryCompileExec63757308 -rdynamic 
CMakeFiles/cmTryCompileExec63757308.dir/CheckFunctionExists.c.o: In function `main':
CheckFunctionExists.c:(.text+0x15): undefined reference to `exp'
collect2: error: ld returned 1 exit status
make[1]: *** [cmTryCompileExec63757308] Error 1
make[1]: Leaving directory `/home/ubuntu/Documents/OpenSourceBlog/lab5/step5/build/CMakeFiles/CMakeTmp'
make: *** [cmTryCompileExec63757308/fast] Error 2


