Determining if the function log exists failed with the following output:
Change Dir: /home/ubuntu/Documents/OpenSourceBlog/lab5/step4/build/CMakeFiles/CMakeTmp

Run Build Command:/usr/bin/make "cmTryCompileExec1963174298/fast"
/usr/bin/make -f CMakeFiles/cmTryCompileExec1963174298.dir/build.make CMakeFiles/cmTryCompileExec1963174298.dir/build
make[1]: Entering directory `/home/ubuntu/Documents/OpenSourceBlog/lab5/step4/build/CMakeFiles/CMakeTmp'
/usr/bin/cmake -E cmake_progress_report /home/ubuntu/Documents/OpenSourceBlog/lab5/step4/build/CMakeFiles/CMakeTmp/CMakeFiles 1
Building C object CMakeFiles/cmTryCompileExec1963174298.dir/CheckFunctionExists.c.o
/usr/bin/cc   -DCHECK_FUNCTION_EXISTS=log   -o CMakeFiles/cmTryCompileExec1963174298.dir/CheckFunctionExists.c.o   -c /usr/share/cmake-2.8/Modules/CheckFunctionExists.c
<command-line>:0:23: warning: conflicting types for built-in function ‘log’ [enabled by default]
/usr/share/cmake-2.8/Modules/CheckFunctionExists.c:3:6: note: in expansion of macro ‘CHECK_FUNCTION_EXISTS’
 char CHECK_FUNCTION_EXISTS();
      ^
Linking C executable cmTryCompileExec1963174298
/usr/bin/cmake -E cmake_link_script CMakeFiles/cmTryCompileExec1963174298.dir/link.txt --verbose=1
/usr/bin/cc   -DCHECK_FUNCTION_EXISTS=log    CMakeFiles/cmTryCompileExec1963174298.dir/CheckFunctionExists.c.o  -o cmTryCompileExec1963174298 -rdynamic 
CMakeFiles/cmTryCompileExec1963174298.dir/CheckFunctionExists.c.o: In function `main':
CheckFunctionExists.c:(.text+0x15): undefined reference to `log'
collect2: error: ld returned 1 exit status
make[1]: Leaving directory `/home/ubuntu/Documents/OpenSourceBlog/lab5/step4/build/CMakeFiles/CMakeTmp'
make[1]: *** [cmTryCompileExec1963174298] Error 1
make: *** [cmTryCompileExec1963174298/fast] Error 2


Determining if the function exp exists failed with the following output:
Change Dir: /home/ubuntu/Documents/OpenSourceBlog/lab5/step4/build/CMakeFiles/CMakeTmp

Run Build Command:/usr/bin/make "cmTryCompileExec1498023841/fast"
/usr/bin/make -f CMakeFiles/cmTryCompileExec1498023841.dir/build.make CMakeFiles/cmTryCompileExec1498023841.dir/build
make[1]: Entering directory `/home/ubuntu/Documents/OpenSourceBlog/lab5/step4/build/CMakeFiles/CMakeTmp'
/usr/bin/cmake -E cmake_progress_report /home/ubuntu/Documents/OpenSourceBlog/lab5/step4/build/CMakeFiles/CMakeTmp/CMakeFiles 1
Building C object CMakeFiles/cmTryCompileExec1498023841.dir/CheckFunctionExists.c.o
/usr/bin/cc   -DCHECK_FUNCTION_EXISTS=exp   -o CMakeFiles/cmTryCompileExec1498023841.dir/CheckFunctionExists.c.o   -c /usr/share/cmake-2.8/Modules/CheckFunctionExists.c
<command-line>:0:23: warning: conflicting types for built-in function ‘exp’ [enabled by default]
/usr/share/cmake-2.8/Modules/CheckFunctionExists.c:3:6: note: in expansion of macro ‘CHECK_FUNCTION_EXISTS’
 char CHECK_FUNCTION_EXISTS();
      ^
Linking C executable cmTryCompileExec1498023841
/usr/bin/cmake -E cmake_link_script CMakeFiles/cmTryCompileExec1498023841.dir/link.txt --verbose=1
/usr/bin/cc   -DCHECK_FUNCTION_EXISTS=exp    CMakeFiles/cmTryCompileExec1498023841.dir/CheckFunctionExists.c.o  -o cmTryCompileExec1498023841 -rdynamic 
CMakeFiles/cmTryCompileExec1498023841.dir/CheckFunctionExists.c.o: In function `main':
CheckFunctionExists.c:(.text+0x15): undefined reference to `exp'
collect2: error: ld returned 1 exit status
make[1]: Leaving directory `/home/ubuntu/Documents/OpenSourceBlog/lab5/step4/build/CMakeFiles/CMakeTmp'
make[1]: *** [cmTryCompileExec1498023841] Error 1
make: *** [cmTryCompileExec1498023841/fast] Error 2


